[debug] [2023-01-23T15:16:24.942Z] ----------------------------------------------------------------------
[debug] [2023-01-23T15:16:24.943Z] Command:       C:\Program Files\nodejs\node.exe C:\Users\Theo\AppData\Roaming\npm\node_modules\firebase-tools\lib\bin\firebase.js init hosting
[debug] [2023-01-23T15:16:24.944Z] CLI Version:   11.21.0
[debug] [2023-01-23T15:16:24.944Z] Platform:      win32
[debug] [2023-01-23T15:16:24.944Z] Node Version:  v16.18.0
[debug] [2023-01-23T15:16:24.945Z] Time:          Mon Jan 23 2023 16:16:24 GMT+0100 (heure normale d’Europe centrale)
[debug] [2023-01-23T15:16:24.945Z] ----------------------------------------------------------------------
[debug] 
[debug] [2023-01-23T15:16:25.006Z] > command requires scopes: ["email","openid","https://www.googleapis.com/auth/cloudplatformprojects.readonly","https://www.googleapis.com/auth/firebase","https://www.googleapis.com/auth/cloud-platform"]
[debug] [2023-01-23T15:16:25.007Z] > authorizing via signed-in user (theo.elfastos@gmail.com)
[info] 
     ######## #### ########  ######## ########     ###     ######  ########
     ##        ##  ##     ## ##       ##     ##  ##   ##  ##       ##
     ######    ##  ########  ######   ########  #########  ######  ######
     ##        ##  ##    ##  ##       ##     ## ##     ##       ## ##
     ##       #### ##     ## ######## ########  ##     ##  ######  ########

You're about to initialize a Firebase project in this directory:

  C:\Users\Theo\Documents\mongit\react_cinema

Before we get started, keep in mind:

  * You are initializing within an existing Firebase project directory

[info] 
=== Project Setup
[info] 
[info] First, let's associate this project directory with a Firebase project.
[info] You can create multiple project aliases by running firebase use --add, 
[info] but for now we'll just set up a default project.
[info] 
[debug] [2023-01-23T15:16:31.926Z] Using project from CLI flag: react-cinema-1fb9c
[debug] [2023-01-23T15:16:31.929Z] >>> [apiv2][query] GET https://firebase.googleapis.com/v1beta1/projects/react-cinema-1fb9c [none]
[debug] [2023-01-23T15:16:32.228Z] <<< [apiv2][status] GET https://firebase.googleapis.com/v1beta1/projects/react-cinema-1fb9c 200
[debug] [2023-01-23T15:16:32.228Z] <<< [apiv2][body] GET https://firebase.googleapis.com/v1beta1/projects/react-cinema-1fb9c {"projectId":"react-cinema-1fb9c","projectNumber":"1028097719646","displayName":"react-cinema","name":"projects/react-cinema-1fb9c","resources":{"hostingSite":"react-cinema-1fb9c","realtimeDatabaseInstance":"react-cinema-1fb9c-default-rtdb"},"state":"ACTIVE","etag":"1_749ba570-e122-4900-a4d7-dfdf5ae38ff9"}
[info] i  Using project react-cinema-1fb9c (react-cinema) 
[info] 
=== Hosting Setup
[info] 
[info] Your public directory is the folder (relative to your project directory) that
[info] will contain Hosting assets to be uploaded with firebase deploy. If you
[info] have a build process for your assets, use your build's output directory.
[info] 
